<?xml version="1.0" encoding="UTF-8"?>
<!-- Generated by org.testng.reporters.JUnitReportReporter -->
<testsuite hostname="DESKTOP-EM2EMIA" failures="0" tests="2" name="Testcases" time="0.042" errors="0" timestamp="6 Feb 2024 08:45:41 GMT">
  <testcase classname="Testcases" name="testtopass" time="0.003"/>
  <testcase classname="Testcases" name="testtofail" time="0.039"/>
</testsuite> <!-- Testcases -->
